C:\USERS\91702\DOCUMENTS\WORK\VSCOMMUNITY\BOXEDAPPSDK\PROJECT\RELEASE\TASKPROCESSES.EXE
C:\USERS\91702\DOCUMENTS\WORK\VSCOMMUNITY\BOXEDAPPSDK\PROJECT\RELEASE\TASKPROCESSES.PDB
C:\Users\91702\Documents\Work\VSCommunity\BoxedAppSDK\Project\TaskProcesses\Release\cl.command.1.tlog
C:\Users\91702\Documents\Work\VSCommunity\BoxedAppSDK\Project\TaskProcesses\Release\CL.read.1.tlog
C:\Users\91702\Documents\Work\VSCommunity\BoxedAppSDK\Project\TaskProcesses\Release\CL.write.1.tlog
C:\Users\91702\Documents\Work\VSCommunity\BoxedAppSDK\Project\TaskProcesses\Release\link.command.1.tlog
C:\Users\91702\Documents\Work\VSCommunity\BoxedAppSDK\Project\TaskProcesses\Release\link.read.1.tlog
C:\Users\91702\Documents\Work\VSCommunity\BoxedAppSDK\Project\TaskProcesses\Release\link.write.1.tlog
C:\Users\91702\Documents\Work\VSCommunity\BoxedAppSDK\Project\TaskProcesses\Release\link-cvtres.read.1.tlog
C:\Users\91702\Documents\Work\VSCommunity\BoxedAppSDK\Project\TaskProcesses\Release\link-cvtres.write.1.tlog
C:\Users\91702\Documents\Work\VSCommunity\BoxedAppSDK\Project\TaskProcesses\Release\mt.command.1.tlog
C:\Users\91702\Documents\Work\VSCommunity\BoxedAppSDK\Project\TaskProcesses\Release\mt.read.1.tlog
C:\Users\91702\Documents\Work\VSCommunity\BoxedAppSDK\Project\TaskProcesses\Release\mt.write.1.tlog
C:\Users\91702\Documents\Work\VSCommunity\BoxedAppSDK\Project\TaskProcesses\Release\rc.command.1.tlog
C:\Users\91702\Documents\Work\VSCommunity\BoxedAppSDK\Project\TaskProcesses\Release\rc.read.1.tlog
C:\Users\91702\Documents\Work\VSCommunity\BoxedAppSDK\Project\TaskProcesses\Release\rc.write.1.tlog
C:\USERS\91702\DOCUMENTS\WORK\VSCOMMUNITY\BOXEDAPPSDK\PROJECT\TASKPROCESSES\RELEASE\STDAFX.OBJ
C:\USERS\91702\DOCUMENTS\WORK\VSCOMMUNITY\BOXEDAPPSDK\PROJECT\TASKPROCESSES\RELEASE\TASKPROCESSES.EXE.INTERMEDIATE.MANIFEST
C:\USERS\91702\DOCUMENTS\WORK\VSCOMMUNITY\BOXEDAPPSDK\PROJECT\TASKPROCESSES\RELEASE\TASKPROCESSES.OBJ
C:\USERS\91702\DOCUMENTS\WORK\VSCOMMUNITY\BOXEDAPPSDK\PROJECT\TASKPROCESSES\RELEASE\TASKPROCESSES.PCH
C:\USERS\91702\DOCUMENTS\WORK\VSCOMMUNITY\BOXEDAPPSDK\PROJECT\TASKPROCESSES\RELEASE\TASKPROCESSES.RES
C:\Users\91702\Documents\Work\VSCommunity\BoxedAppSDK\Project\TaskProcesses\Release\TaskProcesses.write.1.tlog
C:\USERS\91702\DOCUMENTS\WORK\VSCOMMUNITY\BOXEDAPPSDK\PROJECT\TASKPROCESSES\RELEASE\TASKPROCESSESDLG.OBJ
C:\USERS\91702\DOCUMENTS\WORK\VSCOMMUNITY\BOXEDAPPSDK\PROJECT\TASKPROCESSES\RELEASE\VC100.PDB
