C:\USERS\91702\DOCUMENTS\WORK\VSCOMMUNITY\BOXEDAPPSDK\PROJECT\DEBUG\KEYGEN.EXE
C:\USERS\91702\DOCUMENTS\WORK\VSCOMMUNITY\BOXEDAPPSDK\PROJECT\DEBUG\KEYGEN.ILK
C:\USERS\91702\DOCUMENTS\WORK\VSCOMMUNITY\BOXEDAPPSDK\PROJECT\DEBUG\KEYGEN.PDB
C:\Users\91702\Documents\Work\VSCommunity\BoxedAppSDK\Project\KeyGen\Debug\cl.command.1.tlog
C:\Users\91702\Documents\Work\VSCommunity\BoxedAppSDK\Project\KeyGen\Debug\CL.read.1.tlog
C:\Users\91702\Documents\Work\VSCommunity\BoxedAppSDK\Project\KeyGen\Debug\CL.write.1.tlog
C:\USERS\91702\DOCUMENTS\WORK\VSCOMMUNITY\BOXEDAPPSDK\PROJECT\KEYGEN\DEBUG\KEYGEN.EXE.EMBED.MANIFEST
C:\USERS\91702\DOCUMENTS\WORK\VSCOMMUNITY\BOXEDAPPSDK\PROJECT\KEYGEN\DEBUG\KEYGEN.EXE.EMBED.MANIFEST.RES
C:\USERS\91702\DOCUMENTS\WORK\VSCOMMUNITY\BOXEDAPPSDK\PROJECT\KEYGEN\DEBUG\KEYGEN.EXE.INTERMEDIATE.MANIFEST
C:\USERS\91702\DOCUMENTS\WORK\VSCOMMUNITY\BOXEDAPPSDK\PROJECT\KEYGEN\DEBUG\KEYGEN.OBJ
C:\USERS\91702\DOCUMENTS\WORK\VSCOMMUNITY\BOXEDAPPSDK\PROJECT\KEYGEN\DEBUG\KEYGEN.PCH
C:\Users\91702\Documents\Work\VSCommunity\BoxedAppSDK\Project\KeyGen\Debug\KeyGen.write.1.tlog
C:\Users\91702\Documents\Work\VSCommunity\BoxedAppSDK\Project\KeyGen\Debug\KeyGen_manifest.rc
C:\Users\91702\Documents\Work\VSCommunity\BoxedAppSDK\Project\KeyGen\Debug\link.21132.read.1.tlog
C:\Users\91702\Documents\Work\VSCommunity\BoxedAppSDK\Project\KeyGen\Debug\link.21132.write.1.tlog
C:\Users\91702\Documents\Work\VSCommunity\BoxedAppSDK\Project\KeyGen\Debug\link.21132-cvtres.read.1.tlog
C:\Users\91702\Documents\Work\VSCommunity\BoxedAppSDK\Project\KeyGen\Debug\link.21132-cvtres.write.1.tlog
C:\Users\91702\Documents\Work\VSCommunity\BoxedAppSDK\Project\KeyGen\Debug\link.command.1.tlog
C:\Users\91702\Documents\Work\VSCommunity\BoxedAppSDK\Project\KeyGen\Debug\link.read.1.tlog
C:\Users\91702\Documents\Work\VSCommunity\BoxedAppSDK\Project\KeyGen\Debug\link.write.1.tlog
C:\Users\91702\Documents\Work\VSCommunity\BoxedAppSDK\Project\KeyGen\Debug\link-cvtres.read.1.tlog
C:\Users\91702\Documents\Work\VSCommunity\BoxedAppSDK\Project\KeyGen\Debug\link-cvtres.write.1.tlog
C:\Users\91702\Documents\Work\VSCommunity\BoxedAppSDK\Project\KeyGen\Debug\mt.command.1.tlog
C:\Users\91702\Documents\Work\VSCommunity\BoxedAppSDK\Project\KeyGen\Debug\mt.read.1.tlog
C:\Users\91702\Documents\Work\VSCommunity\BoxedAppSDK\Project\KeyGen\Debug\mt.write.1.tlog
C:\Users\91702\Documents\Work\VSCommunity\BoxedAppSDK\Project\KeyGen\Debug\rc.command.1.tlog
C:\Users\91702\Documents\Work\VSCommunity\BoxedAppSDK\Project\KeyGen\Debug\rc.read.1.tlog
C:\Users\91702\Documents\Work\VSCommunity\BoxedAppSDK\Project\KeyGen\Debug\rc.write.1.tlog
C:\USERS\91702\DOCUMENTS\WORK\VSCOMMUNITY\BOXEDAPPSDK\PROJECT\KEYGEN\DEBUG\STDAFX.OBJ
C:\Users\91702\Documents\Work\VSCommunity\BoxedAppSDK\Project\KeyGen\Debug\vc100.idb
C:\USERS\91702\DOCUMENTS\WORK\VSCOMMUNITY\BOXEDAPPSDK\PROJECT\KEYGEN\DEBUG\VC100.PDB
