Build started 22-11-2019 19:14:37.
     1>Project "C:\Users\91702\Documents\Work\VSCommunity\BoxedAppSDK\Project\KeyGen\KeyGen.vcxproj" on node 3 (rebuild target(s)).
     1>_PrepareForClean:
         Deleting file "Debug\KeyGen.lastbuildstate".
       InitializeBuildStatus:
         Creating "Debug\KeyGen.unsuccessfulbuild" because "AlwaysCreate" was specified.
       ClCompile:
         C:\Program Files (x86)\Microsoft Visual Studio 10.0\VC\bin\CL.exe /c /IC:\Users\91702\Documents\Work\VSCommunity\BoxedAppSDK\cryptopp820 /ZI /nologo /W3 /WX- /Od /Oy- /D WIN32 /D _DEBUG /D _CONSOLE /D _UNICODE /D UNICODE /Gm /EHsc /RTC1 /MDd /GS /fp:precise /Zc:wchar_t /Zc:forScope /Yc"StdAfx.h" /Fp"Debug\KeyGen.pch" /Fo"Debug\\" /Fd"Debug\vc100.pdb" /Gd /TP /analyze- /errorReport:prompt stdafx.cpp
         stdafx.cpp
         C:\Program Files (x86)\Microsoft Visual Studio 10.0\VC\bin\CL.exe /c /IC:\Users\91702\Documents\Work\VSCommunity\BoxedAppSDK\cryptopp820 /ZI /nologo /W3 /WX- /Od /Oy- /D WIN32 /D _DEBUG /D _CONSOLE /D _UNICODE /D UNICODE /Gm /EHsc /RTC1 /MDd /GS /fp:precise /Zc:wchar_t /Zc:forScope /Yu"StdAfx.h" /Fp"Debug\KeyGen.pch" /Fo"Debug\\" /Fd"Debug\vc100.pdb" /Gd /TP /analyze- /errorReport:prompt KeyGen.cpp
         KeyGen.cpp
     1>c:\users\91702\documents\work\vscommunity\boxedappsdk\cryptopp820\osrng.h(266): warning C4231: nonstandard extension used : 'extern' before template explicit instantiation
       ManifestResourceCompile:
         C:\Program Files (x86)\Microsoft SDKs\Windows\v7.0A\bin\rc.exe /nologo /fo"Debug\KeyGen.exe.embed.manifest.res" Debug\KeyGen_manifest.rc 
       Link:
         C:\Program Files (x86)\Microsoft Visual Studio 10.0\VC\bin\link.exe /ERRORREPORT:PROMPT /OUT:"C:\Users\91702\Documents\Work\VSCommunity\BoxedAppSDK\Project\Debug\KeyGen.exe" /INCREMENTAL /NOLOGO /LIBPATH:C:\Users\91702\Documents\Work\VSCommunity\BoxedAppSDK\cryptopp820 cryptlib.lib kernel32.lib user32.lib gdi32.lib winspool.lib comdlg32.lib advapi32.lib shell32.lib ole32.lib oleaut32.lib uuid.lib odbc32.lib odbccp32.lib kernel32.lib user32.lib gdi32.lib winspool.lib comdlg32.lib advapi32.lib shell32.lib ole32.lib oleaut32.lib uuid.lib odbc32.lib odbccp32.lib /MANIFEST /ManifestFile:"Debug\KeyGen.exe.intermediate.manifest" /MANIFESTUAC:"level='asInvoker' uiAccess='false'" /DEBUG /PDB:"C:\Users\91702\Documents\Work\VSCommunity\BoxedAppSDK\Project\Debug\KeyGen.pdb" /SUBSYSTEM:CONSOLE /TLBID:1 /DYNAMICBASE /NXCOMPAT /IMPLIB:"C:\Users\91702\Documents\Work\VSCommunity\BoxedAppSDK\Project\Debug\KeyGen.lib" /MACHINE:X86 Debug\KeyGen.exe.embed.manifest.res
         Debug\KeyGen.obj
         Debug\stdafx.obj
       Manifest:
         Deleting file "Debug\KeyGen.exe.embed.manifest".
         C:\Program Files (x86)\Microsoft SDKs\Windows\v7.0A\bin\mt.exe /nologo /verbose /out:"Debug\KeyGen.exe.embed.manifest" /manifest Debug\KeyGen.exe.intermediate.manifest
         C:\Program Files (x86)\Microsoft SDKs\Windows\v7.0A\bin\rc.exe /nologo /fo"Debug\KeyGen.exe.embed.manifest.res" Debug\KeyGen_manifest.rc 
       LinkEmbedManifest:
         C:\Program Files (x86)\Microsoft Visual Studio 10.0\VC\bin\link.exe /ERRORREPORT:PROMPT /OUT:"C:\Users\91702\Documents\Work\VSCommunity\BoxedAppSDK\Project\Debug\KeyGen.exe" /INCREMENTAL /NOLOGO /LIBPATH:C:\Users\91702\Documents\Work\VSCommunity\BoxedAppSDK\cryptopp820 cryptlib.lib kernel32.lib user32.lib gdi32.lib winspool.lib comdlg32.lib advapi32.lib shell32.lib ole32.lib oleaut32.lib uuid.lib odbc32.lib odbccp32.lib kernel32.lib user32.lib gdi32.lib winspool.lib comdlg32.lib advapi32.lib shell32.lib ole32.lib oleaut32.lib uuid.lib odbc32.lib odbccp32.lib /MANIFEST /ManifestFile:"Debug\KeyGen.exe.intermediate.manifest" /MANIFESTUAC:"level='asInvoker' uiAccess='false'" /DEBUG /PDB:"C:\Users\91702\Documents\Work\VSCommunity\BoxedAppSDK\Project\Debug\KeyGen.pdb" /SUBSYSTEM:CONSOLE /TLBID:1 /DYNAMICBASE /NXCOMPAT /IMPLIB:"C:\Users\91702\Documents\Work\VSCommunity\BoxedAppSDK\Project\Debug\KeyGen.lib" /MACHINE:X86 Debug\KeyGen.exe.embed.manifest.res
         Debug\KeyGen.obj
         Debug\stdafx.obj
         KeyGen.vcxproj -> C:\Users\91702\Documents\Work\VSCommunity\BoxedAppSDK\Project\Debug\KeyGen.exe
       FinalizeBuildStatus:
         Deleting file "Debug\KeyGen.unsuccessfulbuild".
         Touching "Debug\KeyGen.lastbuildstate".
     1>Done Building Project "C:\Users\91702\Documents\Work\VSCommunity\BoxedAppSDK\Project\KeyGen\KeyGen.vcxproj" (rebuild target(s)).

Build succeeded.

Time Elapsed 00:00:13.53
