C:\USERS\91702\DOCUMENTS\WORK\VSCOMMUNITY\BOXEDAPPSDK\PROJECT\DEBUG\TASKPROCESSES.EXE
C:\USERS\91702\DOCUMENTS\WORK\VSCOMMUNITY\BOXEDAPPSDK\PROJECT\DEBUG\TASKPROCESSES.ILK
C:\USERS\91702\DOCUMENTS\WORK\VSCOMMUNITY\BOXEDAPPSDK\PROJECT\DEBUG\TASKPROCESSES.PDB
C:\Users\91702\Documents\Work\VSCommunity\BoxedAppSDK\Project\TaskProcesses\Debug\cl.command.1.tlog
C:\Users\91702\Documents\Work\VSCommunity\BoxedAppSDK\Project\TaskProcesses\Debug\CL.read.1.tlog
C:\Users\91702\Documents\Work\VSCommunity\BoxedAppSDK\Project\TaskProcesses\Debug\CL.write.1.tlog
C:\Users\91702\Documents\Work\VSCommunity\BoxedAppSDK\Project\TaskProcesses\Debug\link.command.1.tlog
C:\Users\91702\Documents\Work\VSCommunity\BoxedAppSDK\Project\TaskProcesses\Debug\link.read.1.tlog
C:\Users\91702\Documents\Work\VSCommunity\BoxedAppSDK\Project\TaskProcesses\Debug\link.write.1.tlog
C:\Users\91702\Documents\Work\VSCommunity\BoxedAppSDK\Project\TaskProcesses\Debug\link-cvtres.read.1.tlog
C:\Users\91702\Documents\Work\VSCommunity\BoxedAppSDK\Project\TaskProcesses\Debug\link-cvtres.write.1.tlog
C:\Users\91702\Documents\Work\VSCommunity\BoxedAppSDK\Project\TaskProcesses\Debug\mt.command.1.tlog
C:\Users\91702\Documents\Work\VSCommunity\BoxedAppSDK\Project\TaskProcesses\Debug\mt.read.1.tlog
C:\Users\91702\Documents\Work\VSCommunity\BoxedAppSDK\Project\TaskProcesses\Debug\mt.write.1.tlog
C:\Users\91702\Documents\Work\VSCommunity\BoxedAppSDK\Project\TaskProcesses\Debug\rc.command.1.tlog
C:\Users\91702\Documents\Work\VSCommunity\BoxedAppSDK\Project\TaskProcesses\Debug\rc.read.1.tlog
C:\Users\91702\Documents\Work\VSCommunity\BoxedAppSDK\Project\TaskProcesses\Debug\rc.write.1.tlog
C:\USERS\91702\DOCUMENTS\WORK\VSCOMMUNITY\BOXEDAPPSDK\PROJECT\TASKPROCESSES\DEBUG\STDAFX.OBJ
C:\USERS\91702\DOCUMENTS\WORK\VSCOMMUNITY\BOXEDAPPSDK\PROJECT\TASKPROCESSES\DEBUG\TASKPROCESSES.EXE.EMBED.MANIFEST
C:\USERS\91702\DOCUMENTS\WORK\VSCOMMUNITY\BOXEDAPPSDK\PROJECT\TASKPROCESSES\DEBUG\TASKPROCESSES.EXE.EMBED.MANIFEST.RES
C:\USERS\91702\DOCUMENTS\WORK\VSCOMMUNITY\BOXEDAPPSDK\PROJECT\TASKPROCESSES\DEBUG\TASKPROCESSES.EXE.INTERMEDIATE.MANIFEST
C:\USERS\91702\DOCUMENTS\WORK\VSCOMMUNITY\BOXEDAPPSDK\PROJECT\TASKPROCESSES\DEBUG\TASKPROCESSES.OBJ
C:\USERS\91702\DOCUMENTS\WORK\VSCOMMUNITY\BOXEDAPPSDK\PROJECT\TASKPROCESSES\DEBUG\TASKPROCESSES.PCH
C:\USERS\91702\DOCUMENTS\WORK\VSCOMMUNITY\BOXEDAPPSDK\PROJECT\TASKPROCESSES\DEBUG\TASKPROCESSES.RES
C:\Users\91702\Documents\Work\VSCommunity\BoxedAppSDK\Project\TaskProcesses\Debug\TaskProcesses.write.1.tlog
C:\Users\91702\Documents\Work\VSCommunity\BoxedAppSDK\Project\TaskProcesses\Debug\TaskProcesses_manifest.rc
C:\USERS\91702\DOCUMENTS\WORK\VSCOMMUNITY\BOXEDAPPSDK\PROJECT\TASKPROCESSES\DEBUG\TASKPROCESSESDLG.OBJ
C:\Users\91702\Documents\Work\VSCommunity\BoxedAppSDK\Project\TaskProcesses\Debug\vc100.idb
C:\USERS\91702\DOCUMENTS\WORK\VSCOMMUNITY\BOXEDAPPSDK\PROJECT\TASKPROCESSES\DEBUG\VC100.PDB
