Build started 11-12-2019 21:34:11.
     1>Project "C:\Users\91702\Documents\Work\VSCommunity\BoxedAppSDK\Project\TaskProcesses\TaskProcesses.vcxproj" on node 2 (rebuild target(s)).
     1>_PrepareForClean:
         Deleting file "Debug\TaskProcesses.lastbuildstate".
       InitializeBuildStatus:
         Creating "Debug\TaskProcesses.unsuccessfulbuild" because "AlwaysCreate" was specified.
       ClCompile:
         C:\Program Files (x86)\Microsoft Visual Studio 10.0\VC\bin\CL.exe /c /ZI /nologo /W3 /WX- /Od /Oy- /D WIN32 /D _WINDOWS /D _DEBUG /D _UNICODE /D UNICODE /D _AFXDLL /Gm /EHsc /RTC1 /MDd /GS /fp:precise /Zc:wchar_t /Zc:forScope /Yc"StdAfx.h" /Fp"Debug\TaskProcesses.pch" /Fo"Debug\\" /Fd"Debug\vc100.pdb" /Gd /TP /analyze- /errorReport:prompt stdafx.cpp
         stdafx.cpp
         C:\Program Files (x86)\Microsoft Visual Studio 10.0\VC\bin\CL.exe /c /ZI /nologo /W3 /WX- /Od /Oy- /D WIN32 /D _WINDOWS /D _DEBUG /D _UNICODE /D UNICODE /D _AFXDLL /Gm /EHsc /RTC1 /MDd /GS /fp:precise /Zc:wchar_t /Zc:forScope /Yu"StdAfx.h" /Fp"Debug\TaskProcesses.pch" /Fo"Debug\\" /Fd"Debug\vc100.pdb" /Gd /TP /analyze- /errorReport:prompt TaskProcesses.cpp TaskProcessesDlg.cpp
         TaskProcessesDlg.cpp
         TaskProcesses.cpp
         Generating Code...
       ResourceCompile:
         C:\Program Files (x86)\Microsoft SDKs\Windows\v7.0A\bin\rc.exe /D _DEBUG /D _UNICODE /D UNICODE /D _AFXDLL /l"0x0409" /IDebug\ /nologo /fo"Debug\TaskProcesses.res" TaskProcesses.rc 
       ManifestResourceCompile:
         C:\Program Files (x86)\Microsoft SDKs\Windows\v7.0A\bin\rc.exe /nologo /fo"Debug\TaskProcesses.exe.embed.manifest.res" Debug\TaskProcesses_manifest.rc 
       Link:
         C:\Program Files (x86)\Microsoft Visual Studio 10.0\VC\bin\link.exe /ERRORREPORT:PROMPT /OUT:"C:\Users\91702\Documents\Work\VSCommunity\BoxedAppSDK\Project\Debug\TaskProcesses.exe" /INCREMENTAL /NOLOGO psapi.lib /MANIFEST /ManifestFile:"Debug\TaskProcesses.exe.intermediate.manifest" /MANIFESTUAC:"level='asInvoker' uiAccess='false'" /DEBUG /PDB:"C:\Users\91702\Documents\Work\VSCommunity\BoxedAppSDK\Project\Debug\TaskProcesses.pdb" /SUBSYSTEM:WINDOWS /TLBID:1 /ENTRY:"wWinMainCRTStartup" /DYNAMICBASE /NXCOMPAT /IMPLIB:"C:\Users\91702\Documents\Work\VSCommunity\BoxedAppSDK\Project\Debug\TaskProcesses.lib" /MACHINE:X86 Debug\TaskProcesses.res
         Debug\TaskProcesses.exe.embed.manifest.res
         Debug\stdafx.obj
         Debug\TaskProcesses.obj
         Debug\TaskProcessesDlg.obj
       Manifest:
         Deleting file "Debug\TaskProcesses.exe.embed.manifest".
         C:\Program Files (x86)\Microsoft SDKs\Windows\v7.0A\bin\mt.exe /nologo /verbose /out:"Debug\TaskProcesses.exe.embed.manifest" /manifest Debug\TaskProcesses.exe.intermediate.manifest "C:\Program Files (x86)\Microsoft Visual Studio 10.0\VC\Include\Manifest\dpiaware.manifest"
         C:\Program Files (x86)\Microsoft SDKs\Windows\v7.0A\bin\rc.exe /nologo /fo"Debug\TaskProcesses.exe.embed.manifest.res" Debug\TaskProcesses_manifest.rc 
       LinkEmbedManifest:
         C:\Program Files (x86)\Microsoft Visual Studio 10.0\VC\bin\link.exe /ERRORREPORT:PROMPT /OUT:"C:\Users\91702\Documents\Work\VSCommunity\BoxedAppSDK\Project\Debug\TaskProcesses.exe" /INCREMENTAL /NOLOGO psapi.lib /MANIFEST /ManifestFile:"Debug\TaskProcesses.exe.intermediate.manifest" /MANIFESTUAC:"level='asInvoker' uiAccess='false'" /DEBUG /PDB:"C:\Users\91702\Documents\Work\VSCommunity\BoxedAppSDK\Project\Debug\TaskProcesses.pdb" /SUBSYSTEM:WINDOWS /TLBID:1 /ENTRY:"wWinMainCRTStartup" /DYNAMICBASE /NXCOMPAT /IMPLIB:"C:\Users\91702\Documents\Work\VSCommunity\BoxedAppSDK\Project\Debug\TaskProcesses.lib" /MACHINE:X86 Debug\TaskProcesses.res
         Debug\TaskProcesses.exe.embed.manifest.res
         Debug\stdafx.obj
         Debug\TaskProcesses.obj
         Debug\TaskProcessesDlg.obj
         TaskProcesses.vcxproj -> C:\Users\91702\Documents\Work\VSCommunity\BoxedAppSDK\Project\Debug\TaskProcesses.exe
       FinalizeBuildStatus:
         Deleting file "Debug\TaskProcesses.unsuccessfulbuild".
         Touching "Debug\TaskProcesses.lastbuildstate".
     1>Done Building Project "C:\Users\91702\Documents\Work\VSCommunity\BoxedAppSDK\Project\TaskProcesses\TaskProcesses.vcxproj" (rebuild target(s)).

Build succeeded.

Time Elapsed 00:00:05.19
