C:\USERS\91702\DOCUMENTS\WORK\VSCOMMUNITY\BOXEDAPPSDK\PROJECT\DEBUG\PROJECT.EXE
C:\USERS\91702\DOCUMENTS\WORK\VSCOMMUNITY\BOXEDAPPSDK\PROJECT\DEBUG\PROJECT.ILK
C:\USERS\91702\DOCUMENTS\WORK\VSCOMMUNITY\BOXEDAPPSDK\PROJECT\DEBUG\PROJECT.PDB
C:\USERS\91702\DOCUMENTS\WORK\VSCOMMUNITY\BOXEDAPPSDK\PROJECT\PROJECT\DEBUG\CACHE.OBJ
C:\Users\91702\Documents\Work\VSCommunity\BoxedAppSDK\Project\Project\Debug\cl.command.1.tlog
C:\Users\91702\Documents\Work\VSCommunity\BoxedAppSDK\Project\Project\Debug\CL.read.1.tlog
C:\Users\91702\Documents\Work\VSCommunity\BoxedAppSDK\Project\Project\Debug\CL.write.1.tlog
C:\USERS\91702\DOCUMENTS\WORK\VSCOMMUNITY\BOXEDAPPSDK\PROJECT\PROJECT\DEBUG\ENCRYPTDATA.OBJ
C:\USERS\91702\DOCUMENTS\WORK\VSCOMMUNITY\BOXEDAPPSDK\PROJECT\PROJECT\DEBUG\ENCRYPTFILEDIALOG.OBJ
C:\Users\91702\Documents\Work\VSCommunity\BoxedAppSDK\Project\Project\Debug\link.command.1.tlog
C:\Users\91702\Documents\Work\VSCommunity\BoxedAppSDK\Project\Project\Debug\link.read.1.tlog
C:\Users\91702\Documents\Work\VSCommunity\BoxedAppSDK\Project\Project\Debug\link.write.1.tlog
C:\Users\91702\Documents\Work\VSCommunity\BoxedAppSDK\Project\Project\Debug\link-cvtres.read.1.tlog
C:\Users\91702\Documents\Work\VSCommunity\BoxedAppSDK\Project\Project\Debug\link-cvtres.write.1.tlog
C:\Users\91702\Documents\Work\VSCommunity\BoxedAppSDK\Project\Project\Debug\mt.command.1.tlog
C:\Users\91702\Documents\Work\VSCommunity\BoxedAppSDK\Project\Project\Debug\mt.read.1.tlog
C:\Users\91702\Documents\Work\VSCommunity\BoxedAppSDK\Project\Project\Debug\mt.write.1.tlog
C:\USERS\91702\DOCUMENTS\WORK\VSCOMMUNITY\BOXEDAPPSDK\PROJECT\PROJECT\DEBUG\OCX1.OBJ
C:\USERS\91702\DOCUMENTS\WORK\VSCOMMUNITY\BOXEDAPPSDK\PROJECT\PROJECT\DEBUG\PLAYER.OBJ
C:\USERS\91702\DOCUMENTS\WORK\VSCOMMUNITY\BOXEDAPPSDK\PROJECT\PROJECT\DEBUG\PROGRESSDIALOG.OBJ
C:\USERS\91702\DOCUMENTS\WORK\VSCOMMUNITY\BOXEDAPPSDK\PROJECT\PROJECT\DEBUG\PROJECT.EXE.EMBED.MANIFEST
C:\USERS\91702\DOCUMENTS\WORK\VSCOMMUNITY\BOXEDAPPSDK\PROJECT\PROJECT\DEBUG\PROJECT.EXE.EMBED.MANIFEST.RES
C:\USERS\91702\DOCUMENTS\WORK\VSCOMMUNITY\BOXEDAPPSDK\PROJECT\PROJECT\DEBUG\PROJECT.EXE.INTERMEDIATE.MANIFEST
C:\USERS\91702\DOCUMENTS\WORK\VSCOMMUNITY\BOXEDAPPSDK\PROJECT\PROJECT\DEBUG\PROJECT.OBJ
C:\USERS\91702\DOCUMENTS\WORK\VSCOMMUNITY\BOXEDAPPSDK\PROJECT\PROJECT\DEBUG\PROJECT.PCH
C:\USERS\91702\DOCUMENTS\WORK\VSCOMMUNITY\BOXEDAPPSDK\PROJECT\PROJECT\DEBUG\PROJECT.RES
C:\Users\91702\Documents\Work\VSCommunity\BoxedAppSDK\Project\Project\Debug\Project.vcxprojResolveAssemblyReference.cache
C:\Users\91702\Documents\Work\VSCommunity\BoxedAppSDK\Project\Project\Debug\Project.write.1.tlog
C:\Users\91702\Documents\Work\VSCommunity\BoxedAppSDK\Project\Project\Debug\Project_manifest.rc
C:\USERS\91702\DOCUMENTS\WORK\VSCOMMUNITY\BOXEDAPPSDK\PROJECT\PROJECT\DEBUG\PROJECTDLG.OBJ
C:\Users\91702\Documents\Work\VSCommunity\BoxedAppSDK\Project\Project\Debug\rc.command.1.tlog
C:\Users\91702\Documents\Work\VSCommunity\BoxedAppSDK\Project\Project\Debug\rc.read.1.tlog
C:\Users\91702\Documents\Work\VSCommunity\BoxedAppSDK\Project\Project\Debug\rc.write.1.tlog
C:\USERS\91702\DOCUMENTS\WORK\VSCOMMUNITY\BOXEDAPPSDK\PROJECT\PROJECT\DEBUG\STDAFX.OBJ
C:\Users\91702\Documents\Work\VSCommunity\BoxedAppSDK\Project\Project\Debug\vc100.idb
C:\USERS\91702\DOCUMENTS\WORK\VSCOMMUNITY\BOXEDAPPSDK\PROJECT\PROJECT\DEBUG\VC100.PDB
C:\USERS\91702\DOCUMENTS\WORK\VSCOMMUNITY\BOXEDAPPSDK\PROJECT\PROJECT\DEBUG\VIRTUALFILE.OBJ
