C:\USERS\91702\DOCUMENTS\WORK\VSCOMMUNITY\BOXEDAPPSDK\PROJECT\DEBUG\IMPLEMENTLIBCURL.EXE
C:\USERS\91702\DOCUMENTS\WORK\VSCOMMUNITY\BOXEDAPPSDK\PROJECT\DEBUG\IMPLEMENTLIBCURL.ILK
C:\USERS\91702\DOCUMENTS\WORK\VSCOMMUNITY\BOXEDAPPSDK\PROJECT\DEBUG\IMPLEMENTLIBCURL.PDB
C:\Users\91702\Documents\Work\VSCommunity\BoxedAppSDK\Project\ImplementLibcurl\Debug\cl.command.1.tlog
C:\Users\91702\Documents\Work\VSCommunity\BoxedAppSDK\Project\ImplementLibcurl\Debug\CL.read.1.tlog
C:\Users\91702\Documents\Work\VSCommunity\BoxedAppSDK\Project\ImplementLibcurl\Debug\CL.write.1.tlog
C:\USERS\91702\DOCUMENTS\WORK\VSCOMMUNITY\BOXEDAPPSDK\PROJECT\IMPLEMENTLIBCURL\DEBUG\ENCRYPTDATA.OBJ
C:\USERS\91702\DOCUMENTS\WORK\VSCOMMUNITY\BOXEDAPPSDK\PROJECT\IMPLEMENTLIBCURL\DEBUG\IMPLEMENTLIBCURL.EXE.EMBED.MANIFEST
C:\USERS\91702\DOCUMENTS\WORK\VSCOMMUNITY\BOXEDAPPSDK\PROJECT\IMPLEMENTLIBCURL\DEBUG\IMPLEMENTLIBCURL.EXE.EMBED.MANIFEST.RES
C:\USERS\91702\DOCUMENTS\WORK\VSCOMMUNITY\BOXEDAPPSDK\PROJECT\IMPLEMENTLIBCURL\DEBUG\IMPLEMENTLIBCURL.EXE.INTERMEDIATE.MANIFEST
C:\USERS\91702\DOCUMENTS\WORK\VSCOMMUNITY\BOXEDAPPSDK\PROJECT\IMPLEMENTLIBCURL\DEBUG\IMPLEMENTLIBCURL.OBJ
C:\USERS\91702\DOCUMENTS\WORK\VSCOMMUNITY\BOXEDAPPSDK\PROJECT\IMPLEMENTLIBCURL\DEBUG\IMPLEMENTLIBCURL.PCH
C:\USERS\91702\DOCUMENTS\WORK\VSCOMMUNITY\BOXEDAPPSDK\PROJECT\IMPLEMENTLIBCURL\DEBUG\IMPLEMENTLIBCURL.RES
C:\Users\91702\Documents\Work\VSCommunity\BoxedAppSDK\Project\ImplementLibcurl\Debug\ImplementLibcurl.write.1.tlog
C:\Users\91702\Documents\Work\VSCommunity\BoxedAppSDK\Project\ImplementLibcurl\Debug\ImplementLibcurl_manifest.rc
C:\USERS\91702\DOCUMENTS\WORK\VSCOMMUNITY\BOXEDAPPSDK\PROJECT\IMPLEMENTLIBCURL\DEBUG\IMPLEMENTLIBCURLDLG.OBJ
C:\Users\91702\Documents\Work\VSCommunity\BoxedAppSDK\Project\ImplementLibcurl\Debug\link.command.1.tlog
C:\Users\91702\Documents\Work\VSCommunity\BoxedAppSDK\Project\ImplementLibcurl\Debug\link.read.1.tlog
C:\Users\91702\Documents\Work\VSCommunity\BoxedAppSDK\Project\ImplementLibcurl\Debug\link.write.1.tlog
C:\Users\91702\Documents\Work\VSCommunity\BoxedAppSDK\Project\ImplementLibcurl\Debug\link-cvtres.read.1.tlog
C:\Users\91702\Documents\Work\VSCommunity\BoxedAppSDK\Project\ImplementLibcurl\Debug\link-cvtres.write.1.tlog
C:\Users\91702\Documents\Work\VSCommunity\BoxedAppSDK\Project\ImplementLibcurl\Debug\mt.command.1.tlog
C:\Users\91702\Documents\Work\VSCommunity\BoxedAppSDK\Project\ImplementLibcurl\Debug\mt.read.1.tlog
C:\Users\91702\Documents\Work\VSCommunity\BoxedAppSDK\Project\ImplementLibcurl\Debug\mt.write.1.tlog
C:\Users\91702\Documents\Work\VSCommunity\BoxedAppSDK\Project\ImplementLibcurl\Debug\rc.command.1.tlog
C:\Users\91702\Documents\Work\VSCommunity\BoxedAppSDK\Project\ImplementLibcurl\Debug\rc.read.1.tlog
C:\Users\91702\Documents\Work\VSCommunity\BoxedAppSDK\Project\ImplementLibcurl\Debug\rc.write.1.tlog
C:\USERS\91702\DOCUMENTS\WORK\VSCOMMUNITY\BOXEDAPPSDK\PROJECT\IMPLEMENTLIBCURL\DEBUG\STDAFX.OBJ
C:\Users\91702\Documents\Work\VSCommunity\BoxedAppSDK\Project\ImplementLibcurl\Debug\vc100.idb
C:\USERS\91702\DOCUMENTS\WORK\VSCOMMUNITY\BOXEDAPPSDK\PROJECT\IMPLEMENTLIBCURL\DEBUG\VC100.PDB
